Using pre-set license
Built from '2021.3/staging' branch; Version is '2021.3.19f1 (c9714fde33b6) revision 13201743'; Using compiler version '192829333'; Build Type 'Release'
OS: 'Windows 10  (10.0.19045) 64bit Enterprise' Language: 'en' Physical Memory: 16160 MB
BatchMode: 1, IsHumanControllingUs: 0, StartBugReporterOnCrash: 0, Is64bit: 1, IsPro: 1

COMMAND LINE ARGUMENTS:
C:\Program Files\Unity\Hub\Editor\2021.3.19f1\Editor\Unity.exe
-adb2
-batchMode
-noUpm
-name
AssetImportWorker1
-projectPath
C:/Users/User/Documents/GitHub/final_game_5-4/final_game
-logFile
Logs/AssetImportWorker1.log
-srvPort
49279
Successfully changed project path to: C:/Users/User/Documents/GitHub/final_game_5-4/final_game
C:/Users/User/Documents/GitHub/final_game_5-4/final_game
[UnityMemory] Configuration Parameters - Can be set up in boot.config
    "memorysetup-bucket-allocator-granularity=16"
    "memorysetup-bucket-allocator-bucket-count=8"
    "memorysetup-bucket-allocator-block-size=33554432"
    "memorysetup-bucket-allocator-block-count=8"
    "memorysetup-main-allocator-block-size=16777216"
    "memorysetup-thread-allocator-block-size=16777216"
    "memorysetup-gfx-main-allocator-block-size=16777216"
    "memorysetup-gfx-thread-allocator-block-size=16777216"
    "memorysetup-cache-allocator-block-size=4194304"
    "memorysetup-typetree-allocator-block-size=2097152"
    "memorysetup-profiler-bucket-allocator-granularity=16"
    "memorysetup-profiler-bucket-allocator-bucket-count=8"
    "memorysetup-profiler-bucket-allocator-block-size=33554432"
    "memorysetup-profiler-bucket-allocator-block-count=8"
    "memorysetup-profiler-allocator-block-size=16777216"
    "memorysetup-profiler-editor-allocator-block-size=1048576"
    "memorysetup-temp-allocator-size-main=16777216"
    "memorysetup-job-temp-allocator-block-size=2097152"
    "memorysetup-job-temp-allocator-block-size-background=1048576"
    "memorysetup-job-temp-allocator-reduction-small-platforms=262144"
    "memorysetup-temp-allocator-size-background-worker=32768"
    "memorysetup-temp-allocator-size-job-worker=262144"
    "memorysetup-temp-allocator-size-preload-manager=33554432"
    "memorysetup-temp-allocator-size-nav-mesh-worker=65536"
    "memorysetup-temp-allocator-size-audio-worker=65536"
    "memorysetup-temp-allocator-size-cloud-worker=32768"
    "memorysetup-temp-allocator-size-gi-baking-worker=262144"
    "memorysetup-temp-allocator-size-gfx=262144"
Player connection [13040] Host "[IP] 158.132.53.163 [Port] 0 [Flags] 2 [Guid] 2545477786 [EditorId] 2545477786 [Version] 1048832 [Id] WindowsEditor(7,V915-26) [Debug] 1 [PackageName] WindowsEditor [ProjectName] Editor" joined multi-casting on [225.0.0.222:54997]...

Player connection [13040] Host "[IP] 158.132.53.163 [Port] 0 [Flags] 2 [Guid] 2545477786 [EditorId] 2545477786 [Version] 1048832 [Id] WindowsEditor(7,V915-26) [Debug] 1 [PackageName] WindowsEditor [ProjectName] Editor" joined alternative multi-casting on [225.0.0.222:34997]...

Refreshing native plugins compatible for Editor in 87.80 ms, found 12 plugins.
Preloading 1 native plugins for Editor in 0.63 ms.
Initialize engine version: 2021.3.19f1 (c9714fde33b6)
[Subsystems] Discovering subsystems at path C:/Program Files/Unity/Hub/Editor/2021.3.19f1/Editor/Data/Resources/UnitySubsystems
[Subsystems] Discovering subsystems at path C:/Users/User/Documents/GitHub/final_game_5-4/final_game/Assets
GfxDevice: creating device client; threaded=0; jobified=0
Direct3D:
    Version:  Direct3D 11.0 [level 11.1]
    Renderer: NVIDIA Quadro P2200 (ID=0x1c31)
    Vendor:   NVIDIA
    VRAM:     5030 MB
    Driver:   30.0.14.7298
Initialize mono
Mono path[0] = 'C:/Program Files/Unity/Hub/Editor/2021.3.19f1/Editor/Data/Managed'
Mono path[1] = 'C:/Program Files/Unity/Hub/Editor/2021.3.19f1/Editor/Data/MonoBleedingEdge/lib/mono/unityjit-win32'
Mono config path = 'C:/Program Files/Unity/Hub/Editor/2021.3.19f1/Editor/Data/MonoBleedingEdge/etc'
Using monoOptions --debugger-agent=transport=dt_socket,embedding=1,server=y,suspend=n,address=127.0.0.1:56040
Begin MonoManager ReloadAssembly
Registering precompiled unity dll's ...
Register platform support module: C:/Program Files/Unity/Hub/Editor/2021.3.19f1/Editor/Data/PlaybackEngines/AndroidPlayer/UnityEditor.Android.Extensions.dll
Register platform support module: C:/Program Files/Unity/Hub/Editor/2021.3.19f1/Editor/Data/PlaybackEngines/WindowsStandaloneSupport/UnityEditor.WindowsStandalone.Extensions.dll
Register platform support module: C:/Program Files/Unity/Hub/Editor/2021.3.19f1/Editor/Data/PlaybackEngines/MetroSupport/UnityEditor.UWP.Extensions.dll
Registered in 0.004163 seconds.
Native extension for UWP target not found
Native extension for WindowsStandalone target not found
Native extension for Android target not found
Android Extension - Scanning For ADB Devices 223 ms
Refreshing native plugins compatible for Editor in 82.37 ms, found 12 plugins.
Preloading 1 native plugins for Editor in 0.05 ms.
Mono: successfully reloaded assembly
- Completed reload, in  0.775 seconds
Domain Reload Profiling:
	ReloadAssembly (775ms)
		BeginReloadAssembly (57ms)
			ExecutionOrderSort (0ms)
			DisableScriptedObjects (0ms)
			BackupInstance (0ms)
			ReleaseScriptingObjects (0ms)
			CreateAndSetChildDomain (1ms)
		EndReloadAssembly (629ms)
			LoadAssemblies (57ms)
			RebuildTransferFunctionScriptingTraits (0ms)
			SetupTypeCache (92ms)
			ReleaseScriptCaches (0ms)
			RebuildScriptCaches (25ms)
			SetupLoadedEditorAssemblies (472ms)
				LogAssemblyErrors (0ms)
				InitializePlatformSupportModulesInManaged (276ms)
				SetLoadedEditorAssemblies (0ms)
				RefreshPlugins (82ms)
				BeforeProcessingInitializeOnLoad (1ms)
				ProcessInitializeOnLoadAttributes (78ms)
				ProcessInitializeOnLoadMethodAttributes (34ms)
				AfterProcessingInitializeOnLoad (0ms)
				EditorAssembliesLoaded (0ms)
			ExecutionOrderSort2 (0ms)
			AwakeInstancesAfterBackupRestoration (0ms)
Platform modules already initialized, skipping
Registering precompiled user dll's ...
Registered in 0.005325 seconds.
Begin MonoManager ReloadAssembly
Symbol file LoadedFromMemory doesn't match image C:\Users\User\Documents\GitHub\final_game_5-4\final_game\Library\PackageCache\com.unity.visualscripting@1.8.0\Editor\VisualScripting.Core\Dependencies\DotNetZip\Unity.VisualScripting.IonicZip.dll
Symbol file LoadedFromMemory doesn't match image C:\Users\User\Documents\GitHub\final_game_5-4\final_game\Library\PackageCache\com.unity.visualscripting@1.8.0\Editor\VisualScripting.Core\Dependencies\YamlDotNet\Unity.VisualScripting.YamlDotNet.dll
Native extension for UWP target not found
Native extension for WindowsStandalone target not found
Native extension for Android target not found
Refreshing native plugins compatible for Editor in 84.56 ms, found 12 plugins.
Preloading 1 native plugins for Editor in 0.07 ms.
Package Manager log level set to [2]
System.Reflection.TargetInvocationException: Exception has been thrown by the target of an invocation. ---> System.NullReferenceException: Object reference not set to an instance of an object
  at Unity.XR.Oculus.OculusLoader.AssetPathToAbsolutePath (System.String assetPath) [0x0003d] in C:\Users\User\Documents\GitHub\final_game_5-4\final_game\Library\PackageCache\com.unity.xr.oculus@3.2.2\Runtime\OculusLoader.cs:296 
  at Unity.XR.Oculus.OculusLoader.EditorLoadOVRPlugin () [0x0007b] in C:\Users\User\Documents\GitHub\final_game_5-4\final_game\Library\PackageCache\com.unity.xr.oculus@3.2.2\Runtime\OculusLoader.cs:281 
  at (wrapper managed-to-native) System.Reflection.RuntimeMethodInfo.InternalInvoke(System.Reflection.RuntimeMethodInfo,object,object[],System.Exception&)
  at System.Reflection.RuntimeMethodInfo.Invoke (System.Object obj, System.Reflection.BindingFlags invokeAttr, System.Reflection.Binder binder, System.Object[] parameters, System.Globalization.CultureInfo culture) [0x0006a] in <03bd9b261dff4c2b8b568aca27f561b2>:0 
   --- End of inner exception stack trace ---
  at System.Reflection.RuntimeMethodInfo.Invoke (System.Object obj, System.Reflection.BindingFlags invokeAttr, System.Reflection.Binder binder, System.Object[] parameters, System.Globalization.CultureInfo culture) [0x00083] in <03bd9b261dff4c2b8b568aca27f561b2>:0 
  at System.Reflection.MethodBase.Invoke (System.Object obj, System.Object[] parameters) [0x00000] in <03bd9b261dff4c2b8b568aca27f561b2>:0 
  at UnityEditor.EditorAssemblies.ProcessInitializeOnLoadMethodAttributes () [0x000a5] in <7fef092428a04dc89d2aa6ad3ce5d856>:0 
UnityEngine.StackTraceUtility:ExtractStackTrace ()
UnityEngine.DebugLogHandler:LogFormat (UnityEngine.LogType,UnityEngine.Object,string,object[])
UnityEngine.Logger:Log (UnityEngine.LogType,object)
UnityEngine.Debug:LogError (object)
UnityEditor.EditorAssemblies:ProcessInitializeOnLoadMethodAttributes ()

Mono: successfully reloaded assembly
- Completed reload, in  1.061 seconds
Domain Reload Profiling:
	ReloadAssembly (1062ms)
		BeginReloadAssembly (89ms)
			ExecutionOrderSort (0ms)
			DisableScriptedObjects (5ms)
			BackupInstance (0ms)
			ReleaseScriptingObjects (0ms)
			CreateAndSetChildDomain (16ms)
		EndReloadAssembly (879ms)
			LoadAssemblies (78ms)
			RebuildTransferFunctionScriptingTraits (0ms)
			SetupTypeCache (275ms)
			ReleaseScriptCaches (1ms)
			RebuildScriptCaches (56ms)
			SetupLoadedEditorAssemblies (431ms)
				LogAssemblyErrors (0ms)
				InitializePlatformSupportModulesInManaged (13ms)
				SetLoadedEditorAssemblies (0ms)
				RefreshPlugins (85ms)
				BeforeProcessingInitializeOnLoad (80ms)
				ProcessInitializeOnLoadAttributes (227ms)
				ProcessInitializeOnLoadMethodAttributes (22ms)
				AfterProcessingInitializeOnLoad (3ms)
				EditorAssembliesLoaded (2ms)
			ExecutionOrderSort2 (0ms)
			AwakeInstancesAfterBackupRestoration (5ms)
Platform modules already initialized, skipping
========================================================================
Worker process is ready to serve import requests
Launched and connected shader compiler UnityShaderCompiler.exe after 0.03 seconds
Refreshing native plugins compatible for Editor in 0.91 ms, found 12 plugins.
Preloading 1 native plugins for Editor in 0.07 ms.
Unloading 4142 Unused Serialized files (Serialized files now loaded: 0)
Unloading 52 unused Assets / (114.5 KB). Loaded Objects now: 4583.
Memory consumption went from 146.2 MB to 146.0 MB.
Total: 2.991200 ms (FindLiveObjects: 0.289400 ms CreateObjectMapping: 0.219200 ms MarkObjects: 2.396900 ms  DeleteObjects: 0.084900 ms)

AssetImportParameters requested are different than current active one (requested -> active):
  custom:video-decoder-ogg-theora: a1e56fd34408186e4bbccfd4996cb3dc -> 
  custom:container-muxer-webm: aa71ff27fc2769a1b78a27578f13a17b -> 
  custom:container-demuxer-webm: 4f35f7cbe854078d1ac9338744f61a02 -> 
  custom:video-encoder-webm-vp8: eb34c28f22e8b96e1ab97ce403110664 -> 
  custom:audio-encoder-webm-vorbis: bf7c407c2cedff20999df2af8eb42d56 -> 
  custom:framework-win-MediaFoundation: 216162199b28c13a410421893ffa2e32 -> 
  custom:container-demuxer-ogg: 62fdf1f143b41e24485cea50d1cbac27 -> 
  custom:video-decoder-webm-vp8: 9c59270c3fd7afecdb556c50c9e8de78 -> 
  custom:audio-decoder-ogg-vorbis: bf7c407c2cedff20999df2af8eb42d56 -> 
========================================================================
Received Prepare
Registering precompiled user dll's ...
Registered in 0.004632 seconds.
Begin MonoManager ReloadAssembly
Symbol file LoadedFromMemory doesn't match image C:\Users\User\Documents\GitHub\final_game_5-4\final_game\Library\PackageCache\com.unity.visualscripting@1.8.0\Editor\VisualScripting.Core\Dependencies\DotNetZip\Unity.VisualScripting.IonicZip.dll
Symbol file LoadedFromMemory doesn't match image C:\Users\User\Documents\GitHub\final_game_5-4\final_game\Library\PackageCache\com.unity.visualscripting@1.8.0\Editor\VisualScripting.Core\Dependencies\YamlDotNet\Unity.VisualScripting.YamlDotNet.dll
Native extension for UWP target not found
Native extension for WindowsStandalone target not found
Native extension for Android target not found
Refreshing native plugins compatible for Editor in 0.82 ms, found 12 plugins.
Preloading 1 native plugins for Editor in 0.07 ms.
System.Reflection.TargetInvocationException: Exception has been thrown by the target of an invocation. ---> System.NullReferenceException: Object reference not set to an instance of an object
  at Unity.XR.Oculus.OculusLoader.AssetPathToAbsolutePath (System.String assetPath) [0x0003d] in C:\Users\User\Documents\GitHub\final_game_5-4\final_game\Library\PackageCache\com.unity.xr.oculus@3.2.2\Runtime\OculusLoader.cs:296 
  at Unity.XR.Oculus.OculusLoader.EditorLoadOVRPlugin () [0x0007b] in C:\Users\User\Documents\GitHub\final_game_5-4\final_game\Library\PackageCache\com.unity.xr.oculus@3.2.2\Runtime\OculusLoader.cs:281 
  at (wrapper managed-to-native) System.Reflection.RuntimeMethodInfo.InternalInvoke(System.Reflection.RuntimeMethodInfo,object,object[],System.Exception&)
  at System.Reflection.RuntimeMethodInfo.Invoke (System.Object obj, System.Reflection.BindingFlags invokeAttr, System.Reflection.Binder binder, System.Object[] parameters, System.Globalization.CultureInfo culture) [0x0006a] in <03bd9b261dff4c2b8b568aca27f561b2>:0 
   --- End of inner exception stack trace ---
  at System.Reflection.RuntimeMethodInfo.Invoke (System.Object obj, System.Reflection.BindingFlags invokeAttr, System.Reflection.Binder binder, System.Object[] parameters, System.Globalization.CultureInfo culture) [0x00083] in <03bd9b261dff4c2b8b568aca27f561b2>:0 
  at System.Reflection.MethodBase.Invoke (System.Object obj, System.Object[] parameters) [0x00000] in <03bd9b261dff4c2b8b568aca27f561b2>:0 
  at UnityEditor.EditorAssemblies.ProcessInitializeOnLoadMethodAttributes () [0x000a5] in <7fef092428a04dc89d2aa6ad3ce5d856>:0 
UnityEngine.StackTraceUtility:ExtractStackTrace ()
UnityEngine.DebugLogHandler:LogFormat (UnityEngine.LogType,UnityEngine.Object,string,object[])
UnityEngine.Logger:Log (UnityEngine.LogType,object)
UnityEngine.Debug:LogError (object)
UnityEditor.EditorAssemblies:ProcessInitializeOnLoadMethodAttributes ()

Mono: successfully reloaded assembly
- Completed reload, in  0.904 seconds
Domain Reload Profiling:
	ReloadAssembly (904ms)
		BeginReloadAssembly (117ms)
			ExecutionOrderSort (0ms)
			DisableScriptedObjects (4ms)
			BackupInstance (0ms)
			ReleaseScriptingObjects (0ms)
			CreateAndSetChildDomain (36ms)
		EndReloadAssembly (710ms)
			LoadAssemblies (73ms)
			RebuildTransferFunctionScriptingTraits (0ms)
			SetupTypeCache (234ms)
			ReleaseScriptCaches (2ms)
			RebuildScriptCaches (38ms)
			SetupLoadedEditorAssemblies (326ms)
				LogAssemblyErrors (0ms)
				InitializePlatformSupportModulesInManaged (19ms)
				SetLoadedEditorAssemblies (0ms)
				RefreshPlugins (1ms)
				BeforeProcessingInitializeOnLoad (60ms)
				ProcessInitializeOnLoadAttributes (213ms)
				ProcessInitializeOnLoadMethodAttributes (28ms)
				AfterProcessingInitializeOnLoad (4ms)
				EditorAssembliesLoaded (0ms)
			ExecutionOrderSort2 (0ms)
			AwakeInstancesAfterBackupRestoration (5ms)
Platform modules already initialized, skipping
Refreshing native plugins compatible for Editor in 3.28 ms, found 12 plugins.
Preloading 1 native plugins for Editor in 0.06 ms.
Unloading 4120 Unused Serialized files (Serialized files now loaded: 0)
Unloading 42 unused Assets / (80.9 KB). Loaded Objects now: 4587.
Memory consumption went from 145.7 MB to 145.6 MB.
Total: 2.788600 ms (FindLiveObjects: 0.294300 ms CreateObjectMapping: 0.236000 ms MarkObjects: 2.182800 ms  DeleteObjects: 0.074900 ms)

AssetImportParameters requested are different than current active one (requested -> active):
  custom:video-decoder-ogg-theora: a1e56fd34408186e4bbccfd4996cb3dc -> 
  custom:container-muxer-webm: aa71ff27fc2769a1b78a27578f13a17b -> 
  custom:container-demuxer-webm: 4f35f7cbe854078d1ac9338744f61a02 -> 
  custom:video-encoder-webm-vp8: eb34c28f22e8b96e1ab97ce403110664 -> 
  custom:audio-encoder-webm-vorbis: bf7c407c2cedff20999df2af8eb42d56 -> 
  custom:framework-win-MediaFoundation: 216162199b28c13a410421893ffa2e32 -> 
  custom:container-demuxer-ogg: 62fdf1f143b41e24485cea50d1cbac27 -> 
  custom:video-decoder-webm-vp8: 9c59270c3fd7afecdb556c50c9e8de78 -> 
  custom:audio-decoder-ogg-vorbis: bf7c407c2cedff20999df2af8eb42d56 -> 
========================================================================
Received Prepare
Registering precompiled user dll's ...
Registered in 0.005315 seconds.
Begin MonoManager ReloadAssembly
Symbol file LoadedFromMemory doesn't match image C:\Users\User\Documents\GitHub\final_game_5-4\final_game\Library\PackageCache\com.unity.visualscripting@1.8.0\Editor\VisualScripting.Core\Dependencies\DotNetZip\Unity.VisualScripting.IonicZip.dll
Symbol file LoadedFromMemory doesn't match image C:\Users\User\Documents\GitHub\final_game_5-4\final_game\Library\PackageCache\com.unity.visualscripting@1.8.0\Editor\VisualScripting.Core\Dependencies\YamlDotNet\Unity.VisualScripting.YamlDotNet.dll
Native extension for UWP target not found
Native extension for WindowsStandalone target not found
Native extension for Android target not found
Refreshing native plugins compatible for Editor in 0.98 ms, found 12 plugins.
Preloading 1 native plugins for Editor in 0.13 ms.
System.Reflection.TargetInvocationException: Exception has been thrown by the target of an invocation. ---> System.NullReferenceException: Object reference not set to an instance of an object
  at Unity.XR.Oculus.OculusLoader.AssetPathToAbsolutePath (System.String assetPath) [0x0003d] in C:\Users\User\Documents\GitHub\final_game_5-4\final_game\Library\PackageCache\com.unity.xr.oculus@3.2.2\Runtime\OculusLoader.cs:296 
  at Unity.XR.Oculus.OculusLoader.EditorLoadOVRPlugin () [0x0007b] in C:\Users\User\Documents\GitHub\final_game_5-4\final_game\Library\PackageCache\com.unity.xr.oculus@3.2.2\Runtime\OculusLoader.cs:281 
  at (wrapper managed-to-native) System.Reflection.RuntimeMethodInfo.InternalInvoke(System.Reflection.RuntimeMethodInfo,object,object[],System.Exception&)
  at System.Reflection.RuntimeMethodInfo.Invoke (System.Object obj, System.Reflection.BindingFlags invokeAttr, System.Reflection.Binder binder, System.Object[] parameters, System.Globalization.CultureInfo culture) [0x0006a] in <03bd9b261dff4c2b8b568aca27f561b2>:0 
   --- End of inner exception stack trace ---
  at System.Reflection.RuntimeMethodInfo.Invoke (System.Object obj, System.Reflection.BindingFlags invokeAttr, System.Reflection.Binder binder, System.Object[] parameters, System.Globalization.CultureInfo culture) [0x00083] in <03bd9b261dff4c2b8b568aca27f561b2>:0 
  at System.Reflection.MethodBase.Invoke (System.Object obj, System.Object[] parameters) [0x00000] in <03bd9b261dff4c2b8b568aca27f561b2>:0 
  at UnityEditor.EditorAssemblies.ProcessInitializeOnLoadMethodAttributes () [0x000a5] in <7fef092428a04dc89d2aa6ad3ce5d856>:0 
UnityEngine.StackTraceUtility:ExtractStackTrace ()
UnityEngine.DebugLogHandler:LogFormat (UnityEngine.LogType,UnityEngine.Object,string,object[])
UnityEngine.Logger:Log (UnityEngine.LogType,object)
UnityEngine.Debug:LogError (object)
UnityEditor.EditorAssemblies:ProcessInitializeOnLoadMethodAttributes ()

Mono: successfully reloaded assembly
- Completed reload, in  0.932 seconds
Domain Reload Profiling:
	ReloadAssembly (933ms)
		BeginReloadAssembly (117ms)
			ExecutionOrderSort (0ms)
			DisableScriptedObjects (4ms)
			BackupInstance (0ms)
			ReleaseScriptingObjects (0ms)
			CreateAndSetChildDomain (34ms)
		EndReloadAssembly (743ms)
			LoadAssemblies (77ms)
			RebuildTransferFunctionScriptingTraits (0ms)
			SetupTypeCache (236ms)
			ReleaseScriptCaches (2ms)
			RebuildScriptCaches (50ms)
			SetupLoadedEditorAssemblies (338ms)
				LogAssemblyErrors (0ms)
				InitializePlatformSupportModulesInManaged (22ms)
				SetLoadedEditorAssemblies (0ms)
				RefreshPlugins (1ms)
				BeforeProcessingInitializeOnLoad (63ms)
				ProcessInitializeOnLoadAttributes (218ms)
				ProcessInitializeOnLoadMethodAttributes (30ms)
				AfterProcessingInitializeOnLoad (3ms)
				EditorAssembliesLoaded (0ms)
			ExecutionOrderSort2 (0ms)
			AwakeInstancesAfterBackupRestoration (6ms)
Platform modules already initialized, skipping
Refreshing native plugins compatible for Editor in 3.36 ms, found 12 plugins.
Preloading 1 native plugins for Editor in 0.06 ms.
Unloading 4121 Unused Serialized files (Serialized files now loaded: 0)
Unloading 42 unused Assets / (80.9 KB). Loaded Objects now: 4592.
Memory consumption went from 145.4 MB to 145.3 MB.
Total: 2.619200 ms (FindLiveObjects: 0.264000 ms CreateObjectMapping: 0.185500 ms MarkObjects: 2.104600 ms  DeleteObjects: 0.064600 ms)

AssetImportParameters requested are different than current active one (requested -> active):
  custom:video-decoder-ogg-theora: a1e56fd34408186e4bbccfd4996cb3dc -> 
  custom:container-muxer-webm: aa71ff27fc2769a1b78a27578f13a17b -> 
  custom:container-demuxer-webm: 4f35f7cbe854078d1ac9338744f61a02 -> 
  custom:video-encoder-webm-vp8: eb34c28f22e8b96e1ab97ce403110664 -> 
  custom:audio-encoder-webm-vorbis: bf7c407c2cedff20999df2af8eb42d56 -> 
  custom:framework-win-MediaFoundation: 216162199b28c13a410421893ffa2e32 -> 
  custom:container-demuxer-ogg: 62fdf1f143b41e24485cea50d1cbac27 -> 
  custom:video-decoder-webm-vp8: 9c59270c3fd7afecdb556c50c9e8de78 -> 
  custom:audio-decoder-ogg-vorbis: bf7c407c2cedff20999df2af8eb42d56 -> 
========================================================================
Received Prepare
Registering precompiled user dll's ...
Registered in 0.004941 seconds.
Begin MonoManager ReloadAssembly
Symbol file LoadedFromMemory doesn't match image C:\Users\User\Documents\GitHub\final_game_5-4\final_game\Library\PackageCache\com.unity.visualscripting@1.8.0\Editor\VisualScripting.Core\Dependencies\DotNetZip\Unity.VisualScripting.IonicZip.dll
Symbol file LoadedFromMemory doesn't match image C:\Users\User\Documents\GitHub\final_game_5-4\final_game\Library\PackageCache\com.unity.visualscripting@1.8.0\Editor\VisualScripting.Core\Dependencies\YamlDotNet\Unity.VisualScripting.YamlDotNet.dll
Native extension for UWP target not found
Native extension for WindowsStandalone target not found
Native extension for Android target not found
Refreshing native plugins compatible for Editor in 1.01 ms, found 12 plugins.
Preloading 1 native plugins for Editor in 0.08 ms.
System.Reflection.TargetInvocationException: Exception has been thrown by the target of an invocation. ---> System.NullReferenceException: Object reference not set to an instance of an object
  at Unity.XR.Oculus.OculusLoader.AssetPathToAbsolutePath (System.String assetPath) [0x0003d] in C:\Users\User\Documents\GitHub\final_game_5-4\final_game\Library\PackageCache\com.unity.xr.oculus@3.2.2\Runtime\OculusLoader.cs:296 
  at Unity.XR.Oculus.OculusLoader.EditorLoadOVRPlugin () [0x0007b] in C:\Users\User\Documents\GitHub\final_game_5-4\final_game\Library\PackageCache\com.unity.xr.oculus@3.2.2\Runtime\OculusLoader.cs:281 
  at (wrapper managed-to-native) System.Reflection.RuntimeMethodInfo.InternalInvoke(System.Reflection.RuntimeMethodInfo,object,object[],System.Exception&)
  at System.Reflection.RuntimeMethodInfo.Invoke (System.Object obj, System.Reflection.BindingFlags invokeAttr, System.Reflection.Binder binder, System.Object[] parameters, System.Globalization.CultureInfo culture) [0x0006a] in <03bd9b261dff4c2b8b568aca27f561b2>:0 
   --- End of inner exception stack trace ---
  at System.Reflection.RuntimeMethodInfo.Invoke (System.Object obj, System.Reflection.BindingFlags invokeAttr, System.Reflection.Binder binder, System.Object[] parameters, System.Globalization.CultureInfo culture) [0x00083] in <03bd9b261dff4c2b8b568aca27f561b2>:0 
  at System.Reflection.MethodBase.Invoke (System.Object obj, System.Object[] parameters) [0x00000] in <03bd9b261dff4c2b8b568aca27f561b2>:0 
  at UnityEditor.EditorAssemblies.ProcessInitializeOnLoadMethodAttributes () [0x000a5] in <7fef092428a04dc89d2aa6ad3ce5d856>:0 
UnityEngine.StackTraceUtility:ExtractStackTrace ()
UnityEngine.DebugLogHandler:LogFormat (UnityEngine.LogType,UnityEngine.Object,string,object[])
UnityEngine.Logger:Log (UnityEngine.LogType,object)
UnityEngine.Debug:LogError (object)
UnityEditor.EditorAssemblies:ProcessInitializeOnLoadMethodAttributes ()

Mono: successfully reloaded assembly
- Completed reload, in  0.947 seconds
Domain Reload Profiling:
	ReloadAssembly (948ms)
		BeginReloadAssembly (121ms)
			ExecutionOrderSort (0ms)
			DisableScriptedObjects (4ms)
			BackupInstance (0ms)
			ReleaseScriptingObjects (0ms)
			CreateAndSetChildDomain (37ms)
		EndReloadAssembly (749ms)
			LoadAssemblies (82ms)
			RebuildTransferFunctionScriptingTraits (0ms)
			SetupTypeCache (252ms)
			ReleaseScriptCaches (1ms)
			RebuildScriptCaches (38ms)
			SetupLoadedEditorAssemblies (343ms)
				LogAssemblyErrors (0ms)
				InitializePlatformSupportModulesInManaged (20ms)
				SetLoadedEditorAssemblies (0ms)
				RefreshPlugins (1ms)
				BeforeProcessingInitializeOnLoad (62ms)
				ProcessInitializeOnLoadAttributes (225ms)
				ProcessInitializeOnLoadMethodAttributes (31ms)
				AfterProcessingInitializeOnLoad (3ms)
				EditorAssembliesLoaded (0ms)
			ExecutionOrderSort2 (0ms)
			AwakeInstancesAfterBackupRestoration (5ms)
Platform modules already initialized, skipping
Refreshing native plugins compatible for Editor in 3.44 ms, found 12 plugins.
Preloading 1 native plugins for Editor in 0.06 ms.
Unloading 4121 Unused Serialized files (Serialized files now loaded: 0)
Unloading 42 unused Assets / (80.8 KB). Loaded Objects now: 4596.
Memory consumption went from 145.4 MB to 145.3 MB.
Total: 3.200300 ms (FindLiveObjects: 0.292300 ms CreateObjectMapping: 0.216700 ms MarkObjects: 2.617200 ms  DeleteObjects: 0.073500 ms)

AssetImportParameters requested are different than current active one (requested -> active):
  custom:video-decoder-ogg-theora: a1e56fd34408186e4bbccfd4996cb3dc -> 
  custom:container-muxer-webm: aa71ff27fc2769a1b78a27578f13a17b -> 
  custom:container-demuxer-webm: 4f35f7cbe854078d1ac9338744f61a02 -> 
  custom:video-encoder-webm-vp8: eb34c28f22e8b96e1ab97ce403110664 -> 
  custom:audio-encoder-webm-vorbis: bf7c407c2cedff20999df2af8eb42d56 -> 
  custom:framework-win-MediaFoundation: 216162199b28c13a410421893ffa2e32 -> 
  custom:container-demuxer-ogg: 62fdf1f143b41e24485cea50d1cbac27 -> 
  custom:video-decoder-webm-vp8: 9c59270c3fd7afecdb556c50c9e8de78 -> 
  custom:audio-decoder-ogg-vorbis: bf7c407c2cedff20999df2af8eb42d56 -> 
========================================================================
Received Import Request.
  Time since last request: 174698.088125 seconds.
  path: Assets/model/Materials/duck-Duck 1.mat
  artifactKey: Guid(1abdefae90e3dc845ac40fa94768f221) Importer(815301076,1909f56bfc062723c751e8b465ee728b)
Start importing Assets/model/Materials/duck-Duck 1.mat using Guid(1abdefae90e3dc845ac40fa94768f221) Importer(815301076,1909f56bfc062723c751e8b465ee728b)  -> (artifact id: '6637bb01bcbc764ef9990d02856f2c57') in 0.125548 seconds 
========================================================================
Received Import Request.
  Time since last request: 0.000020 seconds.
  path: Assets/model/Materials/house-[Tile Limestone Multi].mat
  artifactKey: Guid(f56af3ec5ec8b6d4c840addf74ff3124) Importer(815301076,1909f56bfc062723c751e8b465ee728b)
Start importing Assets/model/Materials/house-[Tile Limestone Multi].mat using Guid(f56af3ec5ec8b6d4c840addf74ff3124) Importer(815301076,1909f56bfc062723c751e8b465ee728b)  -> (artifact id: '421087ddef4bb93212582dc0c9d81c02') in 0.010053 seconds 
========================================================================
Received Import Request.
  Time since last request: 0.000026 seconds.
  path: Assets/model/Materials/house-Material7.mat
  artifactKey: Guid(5a90de70d63d3de40b5d1cb7166014eb) Importer(815301076,1909f56bfc062723c751e8b465ee728b)
Start importing Assets/model/Materials/house-Material7.mat using Guid(5a90de70d63d3de40b5d1cb7166014eb) Importer(815301076,1909f56bfc062723c751e8b465ee728b)  -> (artifact id: '80c8b83e55f4359fc721ff86e57cb62d') in 0.006210 seconds 
========================================================================
Received Import Request.
  Time since last request: 0.000054 seconds.
  path: Assets/model/Materials/house-[Resin Turquoise].mat
  artifactKey: Guid(c335d6a91e98f89418af5d0f0b3d47ae) Importer(815301076,1909f56bfc062723c751e8b465ee728b)
Start importing Assets/model/Materials/house-[Resin Turquoise].mat using Guid(c335d6a91e98f89418af5d0f0b3d47ae) Importer(815301076,1909f56bfc062723c751e8b465ee728b)  -> (artifact id: '63e2750cd0cc5bf68bf9eadc1695383a') in 0.009016 seconds 
========================================================================
Received Import Request.
  Time since last request: 0.000021 seconds.
  path: Assets/model/Materials/house-[Color M07].mat
  artifactKey: Guid(6acdf2b5a364f54468c76589e16b73c9) Importer(815301076,1909f56bfc062723c751e8b465ee728b)
Start importing Assets/model/Materials/house-[Color M07].mat using Guid(6acdf2b5a364f54468c76589e16b73c9) Importer(815301076,1909f56bfc062723c751e8b465ee728b)  -> (artifact id: '5b61dbd653145ac5b121d0fb9b28a301') in 0.005959 seconds 
========================================================================
Received Import Request.
  Time since last request: 0.000021 seconds.
  path: Assets/model/Materials/house-_26.mat
  artifactKey: Guid(f76341927b572934e86afb2e814c617d) Importer(815301076,1909f56bfc062723c751e8b465ee728b)
Start importing Assets/model/Materials/house-_26.mat using Guid(f76341927b572934e86afb2e814c617d) Importer(815301076,1909f56bfc062723c751e8b465ee728b)  -> (artifact id: '04abcc2e688a97ff0daac7c94b6d223f') in 0.014895 seconds 
========================================================================
Received Import Request.
  Time since last request: 0.000015 seconds.
  path: Assets/model/Materials/house-[Metal Silver].mat
  artifactKey: Guid(2b30c5970d1ad5245b16b763f8d1745a) Importer(815301076,1909f56bfc062723c751e8b465ee728b)
Start importing Assets/model/Materials/house-[Metal Silver].mat using Guid(2b30c5970d1ad5245b16b763f8d1745a) Importer(815301076,1909f56bfc062723c751e8b465ee728b)  -> (artifact id: '3166eaff0eda107129ee2b1008818720') in 0.011171 seconds 
========================================================================
Received Import Request.
  Time since last request: 0.000016 seconds.
  path: Assets/model/Materials/house-quadrante-della-bilancia-pesa-persone-nelle-libbre-65346997.mat
  artifactKey: Guid(028677427b6e12947b6acfafcc770540) Importer(815301076,1909f56bfc062723c751e8b465ee728b)
Start importing Assets/model/Materials/house-quadrante-della-bilancia-pesa-persone-nelle-libbre-65346997.mat using Guid(028677427b6e12947b6acfafcc770540) Importer(815301076,1909f56bfc062723c751e8b465ee728b)  -> (artifact id: '76903e62dfa9f88c40753f875b47b795') in 0.022327 seconds 
========================================================================
Received Import Request.
  Time since last request: 0.000019 seconds.
  path: Assets/model/Materials/house-[Blacktop New].mat
  artifactKey: Guid(eb671058eff0b6c4aad6cebf26d07d5a) Importer(815301076,1909f56bfc062723c751e8b465ee728b)
Start importing Assets/model/Materials/house-[Blacktop New].mat using Guid(eb671058eff0b6c4aad6cebf26d07d5a) Importer(815301076,1909f56bfc062723c751e8b465ee728b)  -> (artifact id: '1ba558a884a8f66cdcd6eeb38e7c15fe') in 0.010247 seconds 
========================================================================
Received Import Request.
  Time since last request: 0.000029 seconds.
  path: Assets/model/Materials/house-_17.mat
  artifactKey: Guid(70a4c367ae4d81f499941e50b81a7222) Importer(815301076,1909f56bfc062723c751e8b465ee728b)
Start importing Assets/model/Materials/house-_17.mat using Guid(70a4c367ae4d81f499941e50b81a7222) Importer(815301076,1909f56bfc062723c751e8b465ee728b)  -> (artifact id: 'c1f279420c066383891d90ce0c27836b') in 0.010897 seconds 
========================================================================
Received Import Request.
  Time since last request: 0.000016 seconds.
  path: Assets/model/Materials/house-_16.mat
  artifactKey: Guid(7fce02c70725d6648b24c66ee61530b2) Importer(815301076,1909f56bfc062723c751e8b465ee728b)
Start importing Assets/model/Materials/house-_16.mat using Guid(7fce02c70725d6648b24c66ee61530b2) Importer(815301076,1909f56bfc062723c751e8b465ee728b)  -> (artifact id: '97525d261e245695e0a0d722abd97f01') in 0.009316 seconds 
========================================================================
Received Import Request.
  Time since last request: 0.000041 seconds.
  path: Assets/model/Materials/house-[Concrete Aggregate Smoke]1.mat
  artifactKey: Guid(ba2c07abece5ebb4cb6a8eb5fec99d61) Importer(815301076,1909f56bfc062723c751e8b465ee728b)
Start importing Assets/model/Materials/house-[Concrete Aggregate Smoke]1.mat using Guid(ba2c07abece5ebb4cb6a8eb5fec99d61) Importer(815301076,1909f56bfc062723c751e8b465ee728b)  -> (artifact id: '89f3ed5771a5225fd493d00e5de1b0a2') in 0.011745 seconds 
========================================================================
Received Import Request.
  Time since last request: 0.000025 seconds.
  path: Assets/model/Materials/house-Lisanne_Bracelet.mat
  artifactKey: Guid(0363029d1fdea7a4088de2de216ba290) Importer(815301076,1909f56bfc062723c751e8b465ee728b)
Start importing Assets/model/Materials/house-Lisanne_Bracelet.mat using Guid(0363029d1fdea7a4088de2de216ba290) Importer(815301076,1909f56bfc062723c751e8b465ee728b)  -> (artifact id: 'f9133cc91df5cd9a598c09680515889e') in 0.006283 seconds 
========================================================================
Received Import Request.
  Time since last request: 0.000019 seconds.
  path: Assets/model/Materials/house-[Wood Lumber ButtJoined].mat
  artifactKey: Guid(fd086ba73958a954a9f7ae91934ddd9f) Importer(815301076,1909f56bfc062723c751e8b465ee728b)
Start importing Assets/model/Materials/house-[Wood Lumber ButtJoined].mat using Guid(fd086ba73958a954a9f7ae91934ddd9f) Importer(815301076,1909f56bfc062723c751e8b465ee728b)  -> (artifact id: '805ed6b7111e8a10cfbfd9b0595d2525') in 0.008711 seconds 
========================================================================
Received Import Request.
  Time since last request: 0.000023 seconds.
  path: Assets/model/Materials/house-[Blacktop Old 01].mat
  artifactKey: Guid(3d58d8f32330b804b9e9b274f08eccc4) Importer(815301076,1909f56bfc062723c751e8b465ee728b)
Start importing Assets/model/Materials/house-[Blacktop Old 01].mat using Guid(3d58d8f32330b804b9e9b274f08eccc4) Importer(815301076,1909f56bfc062723c751e8b465ee728b)  -> (artifact id: '6681fa774dc94a59759d1dfdd44e3f66') in 0.011215 seconds 
========================================================================
Received Import Request.
  Time since last request: 0.000019 seconds.
  path: Assets/model/Materials/house-[Concrete Aggregate Smoke].mat
  artifactKey: Guid(41f08dee9e18ddb439e1874df4591e23) Importer(815301076,1909f56bfc062723c751e8b465ee728b)
Start importing Assets/model/Materials/house-[Concrete Aggregate Smoke].mat using Guid(41f08dee9e18ddb439e1874df4591e23) Importer(815301076,1909f56bfc062723c751e8b465ee728b)  -> (artifact id: '6063fa213891647cb52d8b79caacf202') in 0.007447 seconds 
========================================================================
Received Import Request.
  Time since last request: 0.000054 seconds.
  path: Assets/model/Materials/house-3mm-4mm-5mm-6mm-Carpet-Texture.mat
  artifactKey: Guid(561eb4f9b004de448907ef4b8934462f) Importer(815301076,1909f56bfc062723c751e8b465ee728b)
Start importing Assets/model/Materials/house-3mm-4mm-5mm-6mm-Carpet-Texture.mat using Guid(561eb4f9b004de448907ef4b8934462f) Importer(815301076,1909f56bfc062723c751e8b465ee728b)  -> (artifact id: '89637750f91714aba689e9097adc0b47') in 0.008632 seconds 
========================================================================
Received Import Request.
  Time since last request: 0.000045 seconds.
  path: Assets/model/Materials/house-[Color M00].mat
  artifactKey: Guid(0a6aa67f8e2d4ca40b676422f35fee59) Importer(815301076,1909f56bfc062723c751e8b465ee728b)
Start importing Assets/model/Materials/house-[Color M00].mat using Guid(0a6aa67f8e2d4ca40b676422f35fee59) Importer(815301076,1909f56bfc062723c751e8b465ee728b)  -> (artifact id: '0245265e7b627e7d476807b652dd7bc9') in 0.007499 seconds 
========================================================================
Received Import Request.
  Time since last request: 0.000015 seconds.
  path: Assets/model/Materials/house-_23.mat
  artifactKey: Guid(172694e67eb4a854ea7690e45814f603) Importer(815301076,1909f56bfc062723c751e8b465ee728b)
Start importing Assets/model/Materials/house-_23.mat using Guid(172694e67eb4a854ea7690e45814f603) Importer(815301076,1909f56bfc062723c751e8b465ee728b)  -> (artifact id: 'beff254b137c4caed33e6d3ef48aa694') in 0.012387 seconds 
========================================================================
Received Import Request.
  Time since last request: 0.000036 seconds.
  path: Assets/model/Materials/house-turkey.mat
  artifactKey: Guid(ed705ff8bfa7d3e42a891339de3dbbcb) Importer(815301076,1909f56bfc062723c751e8b465ee728b)
Start importing Assets/model/Materials/house-turkey.mat using Guid(ed705ff8bfa7d3e42a891339de3dbbcb) Importer(815301076,1909f56bfc062723c751e8b465ee728b)  -> (artifact id: 'f5bd13b6fa9e553c449bb438984f386e') in 0.007988 seconds 
========================================================================
Received Import Request.
  Time since last request: 0.000020 seconds.
  path: Assets/model/Materials/house-hym.mat
  artifactKey: Guid(30556470db864d84ea1d65d436df671a) Importer(815301076,1909f56bfc062723c751e8b465ee728b)
Start importing Assets/model/Materials/house-hym.mat using Guid(30556470db864d84ea1d65d436df671a) Importer(815301076,1909f56bfc062723c751e8b465ee728b)  -> (artifact id: 'aafa14c0ea142c2d0bc7b6049ac33762') in 0.019196 seconds 
========================================================================
Received Import Request.
  Time since last request: 0.000021 seconds.
  path: Assets/model/Materials/house-_defaultMat.mat
  artifactKey: Guid(87126a1d4d00e694c98e71d0d4fd67d7) Importer(815301076,1909f56bfc062723c751e8b465ee728b)
Start importing Assets/model/Materials/house-_defaultMat.mat using Guid(87126a1d4d00e694c98e71d0d4fd67d7) Importer(815301076,1909f56bfc062723c751e8b465ee728b)  -> (artifact id: '586b00ca99365cbe01260d6ea3d5fd6b') in 0.006393 seconds 
========================================================================
Received Import Request.
  Time since last request: 0.000033 seconds.
  path: Assets/model/Materials/house-Metal Hook.mat
  artifactKey: Guid(28935af6fac311d4b82406637649994d) Importer(815301076,1909f56bfc062723c751e8b465ee728b)
Start importing Assets/model/Materials/house-Metal Hook.mat using Guid(28935af6fac311d4b82406637649994d) Importer(815301076,1909f56bfc062723c751e8b465ee728b)  -> (artifact id: '7b639b6829ba694fb868a51883647fb9') in 0.008476 seconds 
========================================================================
Received Import Request.
  Time since last request: 0.000021 seconds.
  path: Assets/model/Materials/house-[Formica Beige].mat
  artifactKey: Guid(93db9337ec1c86241b33d10afd2da94d) Importer(815301076,1909f56bfc062723c751e8b465ee728b)
Start importing Assets/model/Materials/house-[Formica Beige].mat using Guid(93db9337ec1c86241b33d10afd2da94d) Importer(815301076,1909f56bfc062723c751e8b465ee728b)  -> (artifact id: '64236160bc4697a22bf158074bfc52df') in 0.010615 seconds 
========================================================================
Received Import Request.
  Time since last request: 0.000021 seconds.
  path: Assets/model/Materials/house-_6.mat
  artifactKey: Guid(9ae62b451b4301a449596c8196cf64ad) Importer(815301076,1909f56bfc062723c751e8b465ee728b)
Start importing Assets/model/Materials/house-_6.mat using Guid(9ae62b451b4301a449596c8196cf64ad) Importer(815301076,1909f56bfc062723c751e8b465ee728b)  -> (artifact id: '93fc0e2359491e16cf3696e54f7101a7') in 0.016463 seconds 
========================================================================
Received Import Request.
  Time since last request: 0.000016 seconds.
  path: Assets/model/Materials/house-[Cinder Block].mat
  artifactKey: Guid(60817c3ebf4b4494b8d883989690e552) Importer(815301076,1909f56bfc062723c751e8b465ee728b)
Start importing Assets/model/Materials/house-[Cinder Block].mat using Guid(60817c3ebf4b4494b8d883989690e552) Importer(815301076,1909f56bfc062723c751e8b465ee728b)  -> (artifact id: '50ba1319ca9a631dce44c9f08dca4395') in 0.010370 seconds 
========================================================================
Received Import Request.
  Time since last request: 0.000024 seconds.
  path: Assets/model/Materials/house-[0134_DimGray].mat
  artifactKey: Guid(6c5cbbfeb53fb984ca435ea54225f05a) Importer(815301076,1909f56bfc062723c751e8b465ee728b)
Start importing Assets/model/Materials/house-[0134_DimGray].mat using Guid(6c5cbbfeb53fb984ca435ea54225f05a) Importer(815301076,1909f56bfc062723c751e8b465ee728b)  -> (artifact id: '3cd3a14e9f710e438269f9a6a45302b5') in 0.016448 seconds 
Editor requested this worker to shutdown with reason: Scaling down because of idle timeout
AssetImportWorker is now disconnected from the server
Process exiting
Exiting without the bug reporter. Application will terminate with return code 0